<?xml version="1.0" encoding="UTF-8"?>
<!-- Generated by org.testng.reporters.JUnitReportReporter -->
<testsuite skipped="0" hostname="Mystation" name="com.crm.qa.tests.HomePageTest" tests="2" failures="0" timestamp="27 Apr 2020 09:19:59 GMT" time="66.466" errors="0">
  <testcase name="verifyHomePageTitle" time="35.296" classname="com.crm.qa.tests.HomePageTest"/>
  <testcase name="verifyHomePageUserName" time="31.170" classname="com.crm.qa.tests.HomePageTest"/>
</testsuite> <!-- com.crm.qa.tests.HomePageTest -->
