<?xml version="1.0" encoding="UTF-8"?>
<!-- Generated by org.testng.reporters.JUnitReportReporter -->
<testsuite skipped="0" hostname="Mystation" name="com.crm.qa.tests.LoginPageTest" tests="2" failures="0" timestamp="22 Mar 2020 14:10:30 GMT" time="79.822" errors="0">
  <testcase name="loginPageTitleTest" time="46.644" classname="com.crm.qa.tests.LoginPageTest"/>
  <testcase name="loginTest" time="33.178" classname="com.crm.qa.tests.LoginPageTest"/>
</testsuite> <!-- com.crm.qa.tests.LoginPageTest -->
