<?xml version="1.0" encoding="UTF-8"?>
<!-- Generated by org.testng.reporters.JUnitReportReporter -->
<testsuite skipped="0" hostname="Mystation" name="com.crm.qa.tests.LoginPageTest" tests="2" failures="0" timestamp="27 Apr 2020 09:19:59 GMT" time="77.343" errors="0">
  <testcase name="loginPageTitleTest" time="42.300" classname="com.crm.qa.tests.LoginPageTest"/>
  <testcase name="loginTest" time="35.043" classname="com.crm.qa.tests.LoginPageTest"/>
</testsuite> <!-- com.crm.qa.tests.LoginPageTest -->
