<?xml version="1.0" encoding="UTF-8"?>
<!-- Generated by org.testng.reporters.JUnitReportReporter -->
<testsuite skipped="0" hostname="Mystation" name="com.crm.qa.tests.LoginPageTest" tests="2" failures="0" timestamp="26 Mar 2020 18:07:22 GMT" time="77.728" errors="0">
  <testcase name="loginPageTitleTest" time="32.020" classname="com.crm.qa.tests.LoginPageTest"/>
  <testcase name="loginTest" time="45.708" classname="com.crm.qa.tests.LoginPageTest"/>
</testsuite> <!-- com.crm.qa.tests.LoginPageTest -->
